{"C:\\Users\\luhud\\OneDrive\\Documents\\GitHub\\React-App-Testing\\my-app\\src\\App.jsx": {"path":"C:\\Users\\luhud\\OneDrive\\Documents\\GitHub\\React-App-Testing\\my-app\\src\\App.jsx","statementMap":{"0":{"start":{"line":8,"column":28},"end":{"line":8,"column":39}},"1":{"start":{"line":10,"column":2},"end":{"line":33,"column":4}},"2":{"start":{"line":22,"column":31},"end":{"line":22,"column":61}},"3":{"start":{"line":22,"column":51},"end":{"line":22,"column":60}}},"fnMap":{"0":{"name":"App","decl":{"start":{"line":7,"column":9},"end":{"line":7,"column":12}},"loc":{"start":{"line":7,"column":15},"end":{"line":34,"column":1}},"line":7},"1":{"name":"(anonymous_1)","decl":{"start":{"line":22,"column":25},"end":{"line":22,"column":26}},"loc":{"start":{"line":22,"column":31},"end":{"line":22,"column":61}},"line":22},"2":{"name":"(anonymous_2)","decl":{"start":{"line":22,"column":40},"end":{"line":22,"column":41}},"loc":{"start":{"line":22,"column":51},"end":{"line":22,"column":60}},"line":22}},"branchMap":{},"s":{"0":3,"1":3,"2":2,"3":2},"f":{"0":3,"1":2,"2":2},"b":{},"_coverageSchema":"1a1c01bbd47fc00a2c39e90264f33305004495a9","hash":"ce3bb647042417f36004ddf6be0e3a20407574c1"}
}
